<?xml version="1.0" encoding="UTF-8"?>
<!-- Generated by org.testng.reporters.JUnitReportReporter -->
<testsuite hostname="LAPTOP-MAQE94QU" failures="0" tests="1" name="dsalgo.testcases.TestCase" time="7.368" errors="0" timestamp="2023-02-20T19:22:20 EST" skipped="0">
  <testcase classname="dsalgo.testcases.TestCase" name="QueuepracticeQ" time="7.368"/>
  <system-out/>
</testsuite> <!-- dsalgo.testcases.TestCase -->
