<?xml version="1.0" encoding="UTF-8"?>
<!-- Generated by org.testng.reporters.JUnitReportReporter -->
<testsuite hostname="LAPTOP-MAQE94QU" failures="0" tests="1" name="dsalgo.pageobjects.GetStarted" time="0.837" errors="0" timestamp="2023-02-09T15:28:07 EST" skipped="0">
  <testcase classname="dsalgo.pageobjects.GetStarted" name="getstart" time="0.837"/>
  <system-out/>
</testsuite> <!-- dsalgo.pageobjects.GetStarted -->
