<?xml version="1.0" encoding="UTF-8"?>
<!-- Generated by org.testng.reporters.JUnitReportReporter -->
<testsuite hostname="LAPTOP-MAQE94QU" failures="0" tests="24" name="dsalgo.testcases.TestCase" time="143.927" errors="0" timestamp="2023-02-26T15:50:01 EST" skipped="0">
  <testcase classname="dsalgo.testcases.TestCase" name="ArraysquarePracticeQ" time="8.077"/>
  <system-out/>
  <testcase classname="dsalgo.testcases.TestCase" name="graph" time="4.423"/>
  <system-out/>
  <testcase classname="dsalgo.testcases.TestCase" name="signout" time="3.072"/>
  <system-out/>
  <testcase classname="dsalgo.testcases.TestCase" name="ArrayMaxConsPracticeQ" time="7.002"/>
  <system-out/>
  <testcase classname="dsalgo.testcases.TestCase" name="validateRegister" time="6.374"/>
  <system-out/>
  <testcase classname="dsalgo.testcases.TestCase" name="invalid" time="4.066"/>
  <system-out/>
  <testcase classname="dsalgo.testcases.TestCase" name="Linkedlist" time="12.515"/>
  <system-out/>
  <testcase classname="dsalgo.testcases.TestCase" name="vaild" time="3.068"/>
  <system-out/>
  <testcase classname="dsalgo.testcases.TestCase" name="array" time="8.781"/>
  <system-out/>
  <testcase classname="dsalgo.testcases.TestCase" name="treePracticeQ" time="3.314"/>
  <system-out/>
  <testcase classname="dsalgo.testcases.TestCase" name="QueuePracticeQ" time="3.443"/>
  <system-out>
    <![CDATA[Queue is selected]]>
  </system-out>
  <testcase classname="dsalgo.testcases.TestCase" name="datastructure" time="4.435"/>
  <system-out/>
  <testcase classname="dsalgo.testcases.TestCase" name="stack" time="7.080"/>
  <system-out/>
  <testcase classname="dsalgo.testcases.TestCase" name="datastructurePracticeQ" time="4.356"/>
  <system-out/>
  <testcase classname="dsalgo.testcases.TestCase" name="tree" time="19.653"/>
  <system-out/>
  <testcase classname="dsalgo.testcases.TestCase" name="validateLoginFromExcel" time="5.323"/>
  <system-out/>
  <testcase classname="dsalgo.testcases.TestCase" name="LinkedlistPracticeQ" time="4.318"/>
  <system-out/>
  <testcase classname="dsalgo.testcases.TestCase" name="home" time="2.690"/>
  <system-out/>
  <testcase classname="dsalgo.testcases.TestCase" name="ArrayfindnoPracticeq" time="5.661"/>
  <system-out/>
  <testcase classname="dsalgo.testcases.TestCase" name="selarray" time="4.274"/>
  <system-out/>
  <testcase classname="dsalgo.testcases.TestCase" name="Queue" time="7.910"/>
  <system-out>
    <![CDATA[Queue is selected]]>
  </system-out>
  <testcase classname="dsalgo.testcases.TestCase" name="graphPRacticeQ" time="3.348"/>
  <system-out/>
  <testcase classname="dsalgo.testcases.TestCase" name="ArrayPracticeQ" time="6.057"/>
  <system-out/>
  <testcase classname="dsalgo.testcases.TestCase" name="stackPracticeQ" time="4.687"/>
  <system-out/>
</testsuite> <!-- dsalgo.testcases.TestCase -->
