<?xml version="1.0" encoding="UTF-8"?>
<!-- Generated by org.testng.reporters.JUnitReportReporter -->
<testsuite hostname="LAPTOP-MAQE94QU" failures="0" tests="24" name="dsalgo.testcases.TestCase" time="210.207" errors="0" timestamp="2023-02-24T21:19:44 EST" skipped="0">
  <testcase classname="dsalgo.testcases.TestCase" name="datastructurePracticeQ" time="4.696"/>
  <system-out/>
  <testcase classname="dsalgo.testcases.TestCase" name="QueuePracticeQ" time="6.539"/>
  <system-out>
    <![CDATA[Queue is selected]]>
  </system-out>
  <testcase classname="dsalgo.testcases.TestCase" name="signout" time="6.982"/>
  <system-out/>
  <testcase classname="dsalgo.testcases.TestCase" name="validateLoginFromExcel" time="4.688"/>
  <system-out/>
  <testcase classname="dsalgo.testcases.TestCase" name="graph" time="6.320"/>
  <system-out/>
  <testcase classname="dsalgo.testcases.TestCase" name="array" time="11.149"/>
  <system-out/>
  <testcase classname="dsalgo.testcases.TestCase" name="Queue" time="12.338"/>
  <system-out>
    <![CDATA[Queue is selected]]>
  </system-out>
  <testcase classname="dsalgo.testcases.TestCase" name="tree" time="23.036"/>
  <system-out/>
  <testcase classname="dsalgo.testcases.TestCase" name="datastructure" time="6.292"/>
  <system-out/>
  <testcase classname="dsalgo.testcases.TestCase" name="treePracticeQ" time="4.581"/>
  <system-out/>
  <testcase classname="dsalgo.testcases.TestCase" name="ArrayPracticeQ" time="9.440"/>
  <system-out/>
  <testcase classname="dsalgo.testcases.TestCase" name="ArrayfindnoPracticeq" time="8.574"/>
  <system-out/>
  <testcase classname="dsalgo.testcases.TestCase" name="Linkedlist" time="18.140"/>
  <system-out/>
  <testcase classname="dsalgo.testcases.TestCase" name="stackPracticeQ" time="5.095"/>
  <system-out/>
  <testcase classname="dsalgo.testcases.TestCase" name="invalid" time="9.207"/>
  <system-out/>
  <testcase classname="dsalgo.testcases.TestCase" name="graphPRacticeQ" time="4.708"/>
  <system-out/>
  <testcase classname="dsalgo.testcases.TestCase" name="stack" time="10.641"/>
  <system-out/>
  <testcase classname="dsalgo.testcases.TestCase" name="ArrayMaxConsPracticeQ" time="11.228"/>
  <system-out/>
  <testcase classname="dsalgo.testcases.TestCase" name="home" time="7.440"/>
  <system-out/>
  <testcase classname="dsalgo.testcases.TestCase" name="selarray" time="11.698"/>
  <system-out/>
  <testcase classname="dsalgo.testcases.TestCase" name="validateRegister" time="7.432"/>
  <system-out/>
  <testcase classname="dsalgo.testcases.TestCase" name="ArraysquarePracticeQ" time="9.202"/>
  <system-out/>
  <testcase classname="dsalgo.testcases.TestCase" name="LinkedlistPracticeQ" time="6.577"/>
  <system-out/>
  <testcase classname="dsalgo.testcases.TestCase" name="vaild" time="4.204"/>
  <system-out/>
</testsuite> <!-- dsalgo.testcases.TestCase -->
