<?xml version="1.0" encoding="UTF-8"?>
<!-- Generated by org.testng.reporters.JUnitReportReporter -->
<testsuite hostname="LAPTOP-MAQE94QU" failures="0" tests="24" name="dsalgo.testcases.TestCase" time="203.469" errors="0" timestamp="2023-02-26T13:55:22 EST" skipped="0">
  <testcase classname="dsalgo.testcases.TestCase" name="tree" time="26.308"/>
  <system-out/>
  <testcase classname="dsalgo.testcases.TestCase" name="ArraysquarePracticeQ" time="7.706"/>
  <system-out/>
  <testcase classname="dsalgo.testcases.TestCase" name="ArrayMaxConsPracticeQ" time="13.082"/>
  <system-out/>
  <testcase classname="dsalgo.testcases.TestCase" name="stackPracticeQ" time="5.133"/>
  <system-out/>
  <testcase classname="dsalgo.testcases.TestCase" name="validateRegister" time="7.293"/>
  <system-out/>
  <testcase classname="dsalgo.testcases.TestCase" name="ArrayfindnoPracticeq" time="7.393"/>
  <system-out/>
  <testcase classname="dsalgo.testcases.TestCase" name="treePracticeQ" time="5.140"/>
  <system-out/>
  <testcase classname="dsalgo.testcases.TestCase" name="signout" time="4.661"/>
  <system-out/>
  <testcase classname="dsalgo.testcases.TestCase" name="array" time="12.207"/>
  <system-out/>
  <testcase classname="dsalgo.testcases.TestCase" name="graph" time="6.595"/>
  <system-out/>
  <testcase classname="dsalgo.testcases.TestCase" name="Linkedlist" time="15.586"/>
  <system-out/>
  <testcase classname="dsalgo.testcases.TestCase" name="validateLoginFromExcel" time="6.414"/>
  <system-out/>
  <testcase classname="dsalgo.testcases.TestCase" name="stack" time="9.010"/>
  <system-out/>
  <testcase classname="dsalgo.testcases.TestCase" name="invalid" time="7.928"/>
  <system-out/>
  <testcase classname="dsalgo.testcases.TestCase" name="Queue" time="10.220"/>
  <system-out>
    <![CDATA[Queue is selected]]>
  </system-out>
  <testcase classname="dsalgo.testcases.TestCase" name="LinkedlistPracticeQ" time="5.232"/>
  <system-out/>
  <testcase classname="dsalgo.testcases.TestCase" name="graphPRacticeQ" time="5.260"/>
  <system-out/>
  <testcase classname="dsalgo.testcases.TestCase" name="home" time="4.448"/>
  <system-out/>
  <testcase classname="dsalgo.testcases.TestCase" name="datastructure" time="7.883"/>
  <system-out/>
  <testcase classname="dsalgo.testcases.TestCase" name="selarray" time="12.972"/>
  <system-out/>
  <testcase classname="dsalgo.testcases.TestCase" name="datastructurePracticeQ" time="5.316"/>
  <system-out/>
  <testcase classname="dsalgo.testcases.TestCase" name="ArrayPracticeQ" time="8.169"/>
  <system-out/>
  <testcase classname="dsalgo.testcases.TestCase" name="vaild" time="4.556"/>
  <system-out/>
  <testcase classname="dsalgo.testcases.TestCase" name="QueuePracticeQ" time="4.957"/>
  <system-out>
    <![CDATA[Queue is selected]]>
  </system-out>
</testsuite> <!-- dsalgo.testcases.TestCase -->
