<?xml version="1.0" encoding="UTF-8"?>
<!-- Generated by org.testng.reporters.JUnitReportReporter -->
<testsuite hostname="LAPTOP-MAQE94QU" failures="0" tests="24" name="dsalgo.testcases.TestCase" time="187.765" errors="0" timestamp="2023-02-27T20:06:21 EST" skipped="0">
  <testcase classname="dsalgo.testcases.TestCase" name="selarray" time="9.013"/>
  <system-out/>
  <testcase classname="dsalgo.testcases.TestCase" name="home" time="3.127"/>
  <system-out/>
  <testcase classname="dsalgo.testcases.TestCase" name="vaild" time="3.620"/>
  <system-out/>
  <testcase classname="dsalgo.testcases.TestCase" name="invalid" time="6.444"/>
  <system-out/>
  <testcase classname="dsalgo.testcases.TestCase" name="signout" time="3.727"/>
  <system-out/>
  <testcase classname="dsalgo.testcases.TestCase" name="validateRegister" time="7.363"/>
  <system-out/>
  <testcase classname="dsalgo.testcases.TestCase" name="validateLoginFromExcel" time="6.919"/>
  <system-out/>
  <testcase classname="dsalgo.testcases.TestCase" name="datastructure" time="5.713"/>
  <system-out/>
  <testcase classname="dsalgo.testcases.TestCase" name="datastructurePracticeQ" time="4.232"/>
  <system-out/>
  <testcase classname="dsalgo.testcases.TestCase" name="array" time="11.007"/>
  <system-out/>
  <testcase classname="dsalgo.testcases.TestCase" name="ArrayPracticeQ" time="8.026"/>
  <system-out/>
  <testcase classname="dsalgo.testcases.TestCase" name="ArrayMaxConsPracticeQ" time="8.812"/>
  <system-out/>
  <testcase classname="dsalgo.testcases.TestCase" name="ArrayfindnoPracticeq" time="9.778"/>
  <system-out/>
  <testcase classname="dsalgo.testcases.TestCase" name="ArraysquarePracticeQ" time="8.508"/>
  <system-out/>
  <testcase classname="dsalgo.testcases.TestCase" name="Queue" time="11.089"/>
  <system-out>
    <![CDATA[Queue is selected]]>
  </system-out>
  <testcase classname="dsalgo.testcases.TestCase" name="QueuePracticeQ" time="4.269"/>
  <system-out>
    <![CDATA[Queue is selected]]>
  </system-out>
  <testcase classname="dsalgo.testcases.TestCase" name="Linkedlist" time="15.217"/>
  <system-out/>
  <testcase classname="dsalgo.testcases.TestCase" name="LinkedlistPracticeQ" time="3.935"/>
  <system-out/>
  <testcase classname="dsalgo.testcases.TestCase" name="stack" time="8.843"/>
  <system-out/>
  <testcase classname="dsalgo.testcases.TestCase" name="stackPracticeQ" time="4.249"/>
  <system-out/>
  <testcase classname="dsalgo.testcases.TestCase" name="tree" time="25.136"/>
  <system-out/>
  <testcase classname="dsalgo.testcases.TestCase" name="treePracticeQ" time="3.988"/>
  <system-out/>
  <testcase classname="dsalgo.testcases.TestCase" name="graph" time="7.680"/>
  <system-out/>
  <testcase classname="dsalgo.testcases.TestCase" name="graphPRacticeQ" time="7.070"/>
  <system-out/>
</testsuite> <!-- dsalgo.testcases.TestCase -->
